<?xml version="1.0" encoding="UTF-8"?>
<!-- Generated by org.testng.reporters.JUnitReportReporter -->
<testsuite hostname="DESKTOP-M9K2NFO" failures="0" tests="1" name="Test1" time="6.752" errors="0" timestamp="2021-04-12T14:15:21 IST" skipped="0">
  <testcase classname="Test1" name="f" time="6.752"/>
  <system-out/>
</testsuite> <!-- Test1 -->
