<?xml version="1.0" encoding="UTF-8"?>
<!-- Generated by org.testng.reporters.JUnitReportReporter -->
<testsuite hostname="DESKTOP-M9K2NFO" failures="0" tests="1" name="Test1" time="13.853" errors="0" timestamp="12 Apr 2021 11:11:03 GMT" skipped="0">
  <testcase classname="Test1" name="f" time="13.853"/>
</testsuite> <!-- Test1 -->
